0 info it worked if it ends with ok
1 verbose cli [ '/usr/local/Cellar/node/7.0.0/bin/node',
1 verbose cli   '/usr/local/bin/npm',
1 verbose cli   'search',
1 verbose cli   'skeleton' ]
2 info using npm@3.10.8
3 info using node@v7.0.0
4 verbose config Skipping project config: /Users/ethan/.npmrc. (matches userconfig)
5 silly mapToRegistry name -/all
6 silly mapToRegistry using default registry
7 silly mapToRegistry registry https://registry.npmjs.org/
8 silly mapToRegistry data Result {
8 silly mapToRegistry   raw: '-/all',
8 silly mapToRegistry   scope: null,
8 silly mapToRegistry   escapedName: null,
8 silly mapToRegistry   name: null,
8 silly mapToRegistry   rawSpec: '-/all',
8 silly mapToRegistry   spec: '-/all',
8 silly mapToRegistry   type: 'local' }
9 silly mapToRegistry uri https://registry.npmjs.org/-/all
10 info updateIndex /Users/ethan/.npm/registry.npmjs.org/-/all/.cache.json
11 verbose correctMkdir /Users/ethan/.npm correctMkdir not in flight; initializing
12 verbose stack TypeError: Cannot read property '_updated' of undefined
12 verbose stack     at /usr/local/lib/node_modules/npm/lib/cache/update-index.js:61:26
12 verbose stack     at /usr/local/lib/node_modules/npm/node_modules/graceful-fs/polyfills.js:233:18
12 verbose stack     at FSReqWrap.oncomplete (fs.js:111:15)
13 verbose cwd /Users/ethan/lobachevzky.github.io
14 error Darwin 16.1.0
15 error argv "/usr/local/Cellar/node/7.0.0/bin/node" "/usr/local/bin/npm" "search" "skeleton"
16 error node v7.0.0
17 error npm  v3.10.8
18 error Cannot read property '_updated' of undefined
19 error If you need help, you may report this error at:
19 error     <https://github.com/npm/npm/issues>
20 verbose exit [ 1, true ]
